This is pdfTeX, Version 3.141592653-2.6-1.40.25 (MiKTeX 24.1) (preloaded format=pdflatex 2025.7.15)  24 APR 2026 18:02
entering extended mode
 restricted \write18 enabled.
 %&-line parsing enabled.
**./main.tex
(main.tex
LaTeX2e <2023-11-01> patch level 1
L3 programming layer <2024-01-04>
(MastersDoctoralThesis.cls
Document Class: MastersDoctoralThesis 2024/01/01 v2.0 Masters/Doctoral Thesis C
lass
(C:\Users\andre\AppData\Local\Programs\MiKTeX\tex/latex/base\book.cls
Document Class: book 2023/05/17 v1.4n Standard LaTeX document class
(C:\Users\andre\AppData\Local\Programs\MiKTeX\tex/latex/base\bk11.clo
File: bk11.clo 2023/05/17 v1.4n Standard LaTeX file (size option)
)
\c@part=\count187
\c@chapter=\count188
\c@section=\count189
\c@subsection=\count190
\c@subsubsection=\count191
\c@paragraph=\count192
\c@subparagraph=\count193
\c@figure=\count194
\c@table=\count195
\abovecaptionskip=\skip48
\belowcaptionskip=\skip49
\bibindent=\dimen140
)
(C:\Users\andre\AppData\Local\Programs\MiKTeX\tex/latex/base\inputenc.sty
Package: inputenc 2021/02/14 v1.3d Input encoding file
\inpenc@prehook=\toks17
\inpenc@posthook=\toks18
)
(C:\Users\andre\AppData\Local\Programs\MiKTeX\tex/latex/base\fontenc.sty
Package: fontenc 2021/04/29 v2.0v Standard LaTeX package
)
(C:\Users\andre\AppData\Local\Programs\MiKTeX\tex/latex/psnfss\mathpazo.sty
Package: mathpazo 2020/03/25 PSNFSS-v9.3 Palatino w/ Pazo Math (D.Puga, WaS) 
\symupright=\mathgroup4
)
(C:\Users\andre\AppData\Local\Programs\MiKTeX\tex/latex/amsmath\amsmath.sty
Package: amsmath 2023/05/13 v2.17o AMS math features
\@mathmargin=\skip50

For additional information on amsmath, use the `?' option.
(C:\Users\andre\AppData\Local\Programs\MiKTeX\tex/latex/amsmath\amstext.sty
Package: amstext 2021/08/26 v2.01 AMS text

(C:\Users\andre\AppData\Local\Programs\MiKTeX\tex/latex/amsmath\amsgen.sty
File: amsgen.sty 1999/11/30 v2.0 generic functions
\@emptytoks=\toks19
\ex@=\dimen141
))
(C:\Users\andre\AppData\Local\Programs\MiKTeX\tex/latex/amsmath\amsbsy.sty
Package: amsbsy 1999/11/29 v1.2d Bold Symbols
\pmbraise@=\dimen142
)
(C:\Users\andre\AppData\Local\Programs\MiKTeX\tex/latex/amsmath\amsopn.sty
Package: amsopn 2022/04/08 v2.04 operator names
)
\inf@bad=\count196
LaTeX Info: Redefining \frac on input line 234.
\uproot@=\count197
\leftroot@=\count198
LaTeX Info: Redefining \overline on input line 399.
LaTeX Info: Redefining \colon on input line 410.
\classnum@=\count199
\DOTSCASE@=\count266
LaTeX Info: Redefining \ldots on input line 496.
LaTeX Info: Redefining \dots on input line 499.
LaTeX Info: Redefining \cdots on input line 620.
\Mathstrutbox@=\box51
\strutbox@=\box52
LaTeX Info: Redefining \big on input line 722.
LaTeX Info: Redefining \Big on input line 723.
LaTeX Info: Redefining \bigg on input line 724.
LaTeX Info: Redefining \Bigg on input line 725.
\big@size=\dimen143
LaTeX Font Info:    Redeclaring font encoding OML on input line 743.
LaTeX Font Info:    Redeclaring font encoding OMS on input line 744.
\macc@depth=\count267
LaTeX Info: Redefining \bmod on input line 905.
LaTeX Info: Redefining \pmod on input line 910.
LaTeX Info: Redefining \smash on input line 940.
LaTeX Info: Redefining \relbar on input line 970.
LaTeX Info: Redefining \Relbar on input line 971.
\c@MaxMatrixCols=\count268
\dotsspace@=\muskip16
\c@parentequation=\count269
\dspbrk@lvl=\count270
\tag@help=\toks20
\row@=\count271
\column@=\count272
\maxfields@=\count273
\andhelp@=\toks21
\eqnshift@=\dimen144
\alignsep@=\dimen145
\tagshift@=\dimen146
\tagwidth@=\dimen147
\totwidth@=\dimen148
\lineht@=\dimen149
\@envbody=\toks22
\multlinegap=\skip51
\multlinetaggap=\skip52
\mathdisplay@stack=\toks23
LaTeX Info: Redefining \[ on input line 2953.
LaTeX Info: Redefining \] on input line 2954.
)
(C:\Users\andre\AppData\Local\Programs\MiKTeX\tex/latex/amsfonts\amsfonts.sty
Package: amsfonts 2013/01/14 v3.01 Basic AMSFonts support
\symAMSa=\mathgroup5
\symAMSb=\mathgroup6
LaTeX Font Info:    Redeclaring math symbol \hbar on input line 98.
LaTeX Font Info:    Overwriting math alphabet `\mathfrak' in version `bold'
(Font)                  U/euf/m/n --> U/euf/b/n on input line 106.
)
(C:\Users\andre\AppData\Local\Programs\MiKTeX\tex/latex/amsfonts\amssymb.sty
Package: amssymb 2013/01/14 v3.01 AMS font symbols
)
(C:\Users\andre\AppData\Local\Programs\MiKTeX\tex/latex/graphics\graphicx.sty
Package: graphicx 2021/09/16 v1.2d Enhanced LaTeX Graphics (DPC,SPQR)

(C:\Users\andre\AppData\Local\Programs\MiKTeX\tex/latex/graphics\keyval.sty
Package: keyval 2022/05/29 v1.15 key=value parser (DPC)
\KV@toks@=\toks24
)
(C:\Users\andre\AppData\Local\Programs\MiKTeX\tex/latex/graphics\graphics.sty
Package: graphics 2022/03/10 v1.4e Standard LaTeX Graphics (DPC,SPQR)

(C:\Users\andre\AppData\Local\Programs\MiKTeX\tex/latex/graphics\trig.sty
Package: trig 2021/08/11 v1.11 sin cos tan (DPC)
)
(C:\Users\andre\AppData\Local\Programs\MiKTeX\tex/latex/graphics-cfg\graphics.c
fg
File: graphics.cfg 2016/06/04 v1.11 sample graphics configuration
)
Package graphics Info: Driver file: pdftex.def on input line 107.

(C:\Users\andre\AppData\Local\Programs\MiKTeX\tex/latex/graphics-def\pdftex.def
File: pdftex.def 2022/09/22 v1.2b Graphics/color driver for pdftex
))
\Gin@req@height=\dimen150
\Gin@req@width=\dimen151
)
(C:\Users\andre\AppData\Local\Programs\MiKTeX\tex/latex/booktabs\booktabs.sty
Package: booktabs 2020/01/12 v1.61803398 Publication quality tables
\heavyrulewidth=\dimen152
\lightrulewidth=\dimen153
\cmidrulewidth=\dimen154
\belowrulesep=\dimen155
\belowbottomsep=\dimen156
\aboverulesep=\dimen157
\abovetopsep=\dimen158
\cmidrulesep=\dimen159
\cmidrulekern=\dimen160
\defaultaddspace=\dimen161
\@cmidla=\count274
\@cmidlb=\count275
\@aboverulesep=\dimen162
\@belowrulesep=\dimen163
\@thisruleclass=\count276
\@lastruleclass=\count277
\@thisrulewidth=\dimen164
)
(C:\Users\andre\AppData\Local\Programs\MiKTeX\tex/latex/algorithms\algorithm.st
y
Package: algorithm 2009/08/24 v0.1 Document Style `algorithm' - floating enviro
nment
 (C:\Users\andre\AppData\Local\Programs\MiKTeX\tex/latex/float\float.sty
Package: float 2001/11/08 v1.3d Float enhancements (AL)
\c@float@type=\count278
\float@exts=\toks25
\float@box=\box53
\@float@everytoks=\toks26
\@floatcapt=\box54
)
(C:\Users\andre\AppData\Local\Programs\MiKTeX\tex/latex/base\ifthen.sty
Package: ifthen 2022/04/13 v1.1d Standard LaTeX ifthen package (DPC)
)
\@float@every@algorithm=\toks27
\c@algorithm=\count279
)
(C:\Users\andre\AppData\Local\Programs\MiKTeX\tex/latex/algorithms\algorithmic.
sty
Package: algorithmic 2009/08/24 v0.1 Document Style `algorithmic'
\c@ALC@unique=\count280
\c@ALC@line=\count281
\c@ALC@rem=\count282
\c@ALC@depth=\count283
\ALC@tlm=\skip53
\algorithmicindent=\skip54
) (C:\Users\andre\AppData\Local\Programs\MiKTeX\tex/latex/xcolor\xcolor.sty
Package: xcolor 2023/11/15 v3.01 LaTeX color extensions (UK)

(C:\Users\andre\AppData\Local\Programs\MiKTeX\tex/latex/graphics-cfg\color.cfg
File: color.cfg 2016/01/02 v1.6 sample color configuration
)
Package xcolor Info: Driver file: pdftex.def on input line 274.
(C:\Users\andre\AppData\Local\Programs\MiKTeX\tex/latex/graphics\mathcolor.ltx)
Package xcolor Info: Model `cmy' substituted by `cmy0' on input line 1350.
Package xcolor Info: Model `hsb' substituted by `rgb' on input line 1354.
Package xcolor Info: Model `RGB' extended on input line 1366.
Package xcolor Info: Model `HTML' substituted by `rgb' on input line 1368.
Package xcolor Info: Model `Hsb' substituted by `hsb' on input line 1369.
Package xcolor Info: Model `tHsb' substituted by `hsb' on input line 1370.
Package xcolor Info: Model `HSB' substituted by `hsb' on input line 1371.
Package xcolor Info: Model `Gray' substituted by `gray' on input line 1372.
Package xcolor Info: Model `wave' substituted by `hsb' on input line 1373.
) (C:\Users\andre\AppData\Local\Programs\MiKTeX\tex/latex/geometry\geometry.sty
Package: geometry 2020/01/02 v5.9 Page Geometry
(C:\Users\andre\AppData\Local\Programs\MiKTeX\tex/generic/iftex\ifvtex.sty
Package: ifvtex 2019/10/25 v1.7 ifvtex legacy package. Use iftex instead.

(C:\Users\andre\AppData\Local\Programs\MiKTeX\tex/generic/iftex\iftex.sty
Package: iftex 2022/02/03 v1.0f TeX engine tests
))
\Gm@cnth=\count284
\Gm@cntv=\count285
\c@Gm@tempcnt=\count286
\Gm@bindingoffset=\dimen165
\Gm@wd@mp=\dimen166
\Gm@odd@mp=\dimen167
\Gm@even@mp=\dimen168
\Gm@layoutwidth=\dimen169
\Gm@layoutheight=\dimen170
\Gm@layouthoffset=\dimen171
\Gm@layoutvoffset=\dimen172
\Gm@dimlist=\toks28

(C:\Users\andre\AppData\Local\Programs\MiKTeX\tex/latex/geometry\geometry.cfg))
(C:\Users\andre\AppData\Local\Programs\MiKTeX\tex/latex/fancyhdr\fancyhdr.sty
Package: fancyhdr 2025/02/07 v5.2 Extensive control of page headers and footers

\f@nch@headwidth=\skip55
\f@nch@offset@elh=\skip56
\f@nch@offset@erh=\skip57
\f@nch@offset@olh=\skip58
\f@nch@offset@orh=\skip59
\f@nch@offset@elf=\skip60
\f@nch@offset@erf=\skip61
\f@nch@offset@olf=\skip62
\f@nch@offset@orf=\skip63
\f@nch@height=\skip64
\f@nch@footalignment=\skip65
\f@nch@widthL=\skip66
\f@nch@widthC=\skip67
\f@nch@widthR=\skip68
\@temptokenb=\toks29
)
(C:\Users\andre\AppData\Local\Programs\MiKTeX\tex/latex/setspace\setspace.sty
Package: setspace 2022/12/04 v6.7b set line spacing
)
(C:\Users\andre\AppData\Local\Programs\MiKTeX\tex/latex/titlesec\titlesec.sty
Package: titlesec 2025/01/04 v2.17 Sectioning titles
\ttl@box=\box55
\beforetitleunit=\skip69
\aftertitleunit=\skip70
\ttl@plus=\dimen173
\ttl@minus=\dimen174
\ttl@toksa=\toks30
\titlewidth=\dimen175
\titlewidthlast=\dimen176
\titlewidthfirst=\dimen177
)
(C:\Users\andre\AppData\Local\Programs\MiKTeX\tex/latex/caption\caption.sty
Package: caption 2023/08/05 v3.6o Customizing captions (AR)

(C:\Users\andre\AppData\Local\Programs\MiKTeX\tex/latex/caption\caption3.sty
Package: caption3 2023/07/31 v2.4d caption3 kernel (AR)
\caption@tempdima=\dimen178
\captionmargin=\dimen179
\caption@leftmargin=\dimen180
\caption@rightmargin=\dimen181
\caption@width=\dimen182
\caption@indent=\dimen183
\caption@parindent=\dimen184
\caption@hangindent=\dimen185
Package caption Info: Standard document class detected.
)
\c@caption@flags=\count287
\c@continuedfloat=\count288
Package caption Info: float package is loaded.
)
(C:\Users\andre\AppData\Local\Programs\MiKTeX\tex/latex/caption\subcaption.sty
Package: subcaption 2023/07/28 v1.6b Sub-captions (AR)
Package caption Info: New subtype `subfigure' on input line 238.
\c@subfigure=\count289
Package caption Info: New subtype `subtable' on input line 238.
\c@subtable=\count290
) (C:\Users\andre\AppData\Local\Programs\MiKTeX\tex/latex/natbib\natbib.sty
Package: natbib 2010/09/13 8.31b (PWD, AO)
\bibhang=\skip71
\bibsep=\skip72
LaTeX Info: Redefining \cite on input line 694.
\c@NAT@ctr=\count291
)
(C:\Users\andre\AppData\Local\Programs\MiKTeX\tex/latex/emptypage\emptypage.sty
Package: emptypage 2010/05/30 v1.2 Suppress page numbers and headings on empty 
pages
))
(C:\Users\andre\AppData\Local\Programs\MiKTeX\tex/latex/hyperref\hyperref.sty
Package: hyperref 2023-11-26 v7.01g Hypertext links for LaTeX

(C:\Users\andre\AppData\Local\Programs\MiKTeX\tex/generic/infwarerr\infwarerr.s
ty
Package: infwarerr 2019/12/03 v1.5 Providing info/warning/error messages (HO)
)
(C:\Users\andre\AppData\Local\Programs\MiKTeX\tex/latex/kvsetkeys\kvsetkeys.sty
Package: kvsetkeys 2022-10-05 v1.19 Key value parser (HO)
)
(C:\Users\andre\AppData\Local\Programs\MiKTeX\tex/generic/kvdefinekeys\kvdefine
keys.sty
Package: kvdefinekeys 2019-12-19 v1.6 Define keys (HO)
)
(C:\Users\andre\AppData\Local\Programs\MiKTeX\tex/generic/pdfescape\pdfescape.s
ty
Package: pdfescape 2019/12/09 v1.15 Implements pdfTeX's escape features (HO)

(C:\Users\andre\AppData\Local\Programs\MiKTeX\tex/generic/ltxcmds\ltxcmds.sty
Package: ltxcmds 2023-12-04 v1.26 LaTeX kernel commands for general use (HO)
)
(C:\Users\andre\AppData\Local\Programs\MiKTeX\tex/generic/pdftexcmds\pdftexcmds
.sty
Package: pdftexcmds 2020-06-27 v0.33 Utility functions of pdfTeX for LuaTeX (HO
)
Package pdftexcmds Info: \pdf@primitive is available.
Package pdftexcmds Info: \pdf@ifprimitive is available.
Package pdftexcmds Info: \pdfdraftmode found.
))
(C:\Users\andre\AppData\Local\Programs\MiKTeX\tex/latex/hycolor\hycolor.sty
Package: hycolor 2020-01-27 v1.10 Color options for hyperref/bookmark (HO)
)
(C:\Users\andre\AppData\Local\Programs\MiKTeX\tex/latex/letltxmacro\letltxmacro
.sty
Package: letltxmacro 2019/12/03 v1.6 Let assignment for LaTeX macros (HO)
)
(C:\Users\andre\AppData\Local\Programs\MiKTeX\tex/latex/auxhook\auxhook.sty
Package: auxhook 2019-12-17 v1.6 Hooks for auxiliary files (HO)
)
(C:\Users\andre\AppData\Local\Programs\MiKTeX\tex/latex/hyperref\nameref.sty
Package: nameref 2023-11-26 v2.56 Cross-referencing by name of section

(C:\Users\andre\AppData\Local\Programs\MiKTeX\tex/latex/refcount\refcount.sty
Package: refcount 2019/12/15 v3.6 Data extraction from label references (HO)
)
(C:\Users\andre\AppData\Local\Programs\MiKTeX\tex/generic/gettitlestring\gettit
lestring.sty
Package: gettitlestring 2019/12/15 v1.6 Cleanup title references (HO)

(C:\Users\andre\AppData\Local\Programs\MiKTeX\tex/latex/kvoptions\kvoptions.sty
Package: kvoptions 2022-06-15 v3.15 Key value format for package options (HO)
))
\c@section@level=\count292
)
(C:\Users\andre\AppData\Local\Programs\MiKTeX\tex/latex/etoolbox\etoolbox.sty
Package: etoolbox 2020/10/05 v2.5k e-TeX tools for LaTeX (JAW)
\etb@tempcnta=\count293
)
\@linkdim=\dimen186
\Hy@linkcounter=\count294
\Hy@pagecounter=\count295

(C:\Users\andre\AppData\Local\Programs\MiKTeX\tex/latex/hyperref\pd1enc.def
File: pd1enc.def 2023-11-26 v7.01g Hyperref: PDFDocEncoding definition (HO)
Now handling font encoding PD1 ...
... no UTF-8 mapping file for font encoding PD1
)
(C:\Users\andre\AppData\Local\Programs\MiKTeX\tex/generic/intcalc\intcalc.sty
Package: intcalc 2019/12/15 v1.3 Expandable calculations with integers (HO)
)
\Hy@SavedSpaceFactor=\count296

(C:\Users\andre\AppData\Local\Programs\MiKTeX\tex/latex/hyperref\puenc.def
File: puenc.def 2023-11-26 v7.01g Hyperref: PDF Unicode definition (HO)
Now handling font encoding PU ...
... no UTF-8 mapping file for font encoding PU
)
Package hyperref Info: Option `colorlinks' set `true' on input line 4064.
Package hyperref Info: Hyper figures OFF on input line 4181.
Package hyperref Info: Link nesting OFF on input line 4186.
Package hyperref Info: Hyper index ON on input line 4189.
Package hyperref Info: Plain pages OFF on input line 4196.
Package hyperref Info: Backreferencing OFF on input line 4201.
Package hyperref Info: Implicit mode ON; LaTeX internals redefined.
Package hyperref Info: Bookmarks ON on input line 4448.
\c@Hy@tempcnt=\count297

(C:\Users\andre\AppData\Local\Programs\MiKTeX\tex/latex/url\url.sty
\Urlmuskip=\muskip17
Package: url 2013/09/16  ver 3.4  Verb mode for urls, etc.
)
LaTeX Info: Redefining \url on input line 4786.
\XeTeXLinkMargin=\dimen187

(C:\Users\andre\AppData\Local\Programs\MiKTeX\tex/generic/bitset\bitset.sty
Package: bitset 2019/12/09 v1.3 Handle bit-vector datatype (HO)

(C:\Users\andre\AppData\Local\Programs\MiKTeX\tex/generic/bigintcalc\bigintcalc
.sty
Package: bigintcalc 2019/12/15 v1.5 Expandable calculations on big integers (HO
)
))
\Fld@menulength=\count298
\Field@Width=\dimen188
\Fld@charsize=\dimen189
Package hyperref Info: Hyper figures OFF on input line 6065.
Package hyperref Info: Link nesting OFF on input line 6070.
Package hyperref Info: Hyper index ON on input line 6073.
Package hyperref Info: backreferencing OFF on input line 6080.
Package hyperref Info: Link coloring ON on input line 6083.
Package hyperref Info: Link coloring with OCG OFF on input line 6090.
Package hyperref Info: PDF/A mode OFF on input line 6095.

(C:\Users\andre\AppData\Local\Programs\MiKTeX\tex/latex/base\atbegshi-ltx.sty
Package: atbegshi-ltx 2021/01/10 v1.0c Emulation of the original atbegshi
package with kernel methods
)
\Hy@abspage=\count299
\c@Item=\count300
\c@Hfootnote=\count301
)
Package hyperref Info: Driver (autodetected): hpdftex.
(C:\Users\andre\AppData\Local\Programs\MiKTeX\tex/latex/hyperref\hpdftex.def
File: hpdftex.def 2023-11-26 v7.01g Hyperref driver for pdfTeX

(C:\Users\andre\AppData\Local\Programs\MiKTeX\tex/latex/base\atveryend-ltx.sty
Package: atveryend-ltx 2020/08/19 v1.0a Emulation of the original atveryend pac
kage
with kernel methods
)
\Fld@listcount=\count302
\c@bookmark@seq@number=\count303

(C:\Users\andre\AppData\Local\Programs\MiKTeX\tex/latex/rerunfilecheck\rerunfil
echeck.sty
Package: rerunfilecheck 2025-06-21 v1.11 Rerun checks for auxiliary files (HO)

(C:\Users\andre\AppData\Local\Programs\MiKTeX\tex/generic/uniquecounter\uniquec
ounter.sty
Package: uniquecounter 2019/12/15 v1.4 Provide unlimited unique counter (HO)
)
Package uniquecounter Info: New unique counter `rerunfilecheck' on input line 2
84.
)
\Hy@SectionHShift=\skip73
)
LaTeX Font Info:    Trying to load font information for T1+ppl on input line 23
.

(C:\Users\andre\AppData\Local\Programs\MiKTeX\tex/latex/psnfss\t1ppl.fd
File: t1ppl.fd 2001/06/04 font definitions for T1/ppl.
)
(C:\Users\andre\AppData\Local\Programs\MiKTeX\tex/latex/l3backend\l3backend-pdf
tex.def
File: l3backend-pdftex.def 2024-01-04 L3 backend support: PDF output (pdfTeX)
\l__color_backend_stack_int=\count304
\l__pdf_internal_box=\box56
) (main.aux)
\openout1 = `main.aux'.

LaTeX Font Info:    Checking defaults for OML/cmm/m/it on input line 23.
LaTeX Font Info:    ... okay on input line 23.
LaTeX Font Info:    Checking defaults for OMS/cmsy/m/n on input line 23.
LaTeX Font Info:    ... okay on input line 23.
LaTeX Font Info:    Checking defaults for OT1/cmr/m/n on input line 23.
LaTeX Font Info:    ... okay on input line 23.
LaTeX Font Info:    Checking defaults for T1/cmr/m/n on input line 23.
LaTeX Font Info:    ... okay on input line 23.
LaTeX Font Info:    Checking defaults for TS1/cmr/m/n on input line 23.
LaTeX Font Info:    ... okay on input line 23.
LaTeX Font Info:    Checking defaults for OMX/cmex/m/n on input line 23.
LaTeX Font Info:    ... okay on input line 23.
LaTeX Font Info:    Checking defaults for U/cmr/m/n on input line 23.
LaTeX Font Info:    ... okay on input line 23.
LaTeX Font Info:    Checking defaults for PD1/pdf/m/n on input line 23.
LaTeX Font Info:    ... okay on input line 23.
LaTeX Font Info:    Checking defaults for PU/pdf/m/n on input line 23.
LaTeX Font Info:    ... okay on input line 23.

(C:\Users\andre\AppData\Local\Programs\MiKTeX\tex/context/base/mkii\supp-pdf.mk
ii
[Loading MPS to PDF converter (version 2006.09.02).]
\scratchcounter=\count305
\scratchdimen=\dimen190
\scratchbox=\box57
\nofMPsegments=\count306
\nofMParguments=\count307
\everyMPshowfont=\toks31
\MPscratchCnt=\count308
\MPscratchDim=\dimen191
\MPnumerator=\count309
\makeMPintoPDFobject=\count310
\everyMPtoPDFconversion=\toks32
)
(C:\Users\andre\AppData\Local\Programs\MiKTeX\tex/latex/epstopdf-pkg\epstopdf-b
ase.sty
Package: epstopdf-base 2020-01-24 v2.11 Base part for package epstopdf
Package epstopdf-base Info: Redefining graphics rule for `.eps' on input line 4
85.

(C:\Users\andre\AppData\Local\Programs\MiKTeX\tex/latex/00miktex\epstopdf-sys.c
fg
File: epstopdf-sys.cfg 2021/03/18 v2.0 Configuration of epstopdf for MiKTeX
))
*geometry* driver: auto-detecting
*geometry* detected driver: pdftex
*geometry* verbose mode - [ preamble ] result:
* driver: pdftex
* paper: a4paper
* layout: <same size as paper>
* layoutoffset:(h,v)=(0.0pt,0.0pt)
* modes: twoside 
* h-part:(L,W,R)=(85.35826pt, 441.01773pt, 71.13188pt)
* v-part:(T,H,B)=(71.13188pt, 702.78308pt, 71.13188pt)
* \paperwidth=597.50787pt
* \paperheight=845.04684pt
* \textwidth=441.01773pt
* \textheight=702.78308pt
* \oddsidemargin=13.08827pt
* \evensidemargin=-1.1381pt
* \topmargin=-35.0119pt
* \headheight=14.0pt
* \headsep=19.8738pt
* \topskip=11.0pt
* \footskip=27.46295pt
* \marginparwidth=106.0pt
* \marginparsep=7.0pt
* \columnsep=10.0pt
* \skip\footins=10.0pt plus 4.0pt minus 2.0pt
* \hoffset=0.0pt
* \voffset=0.0pt
* \mag=1000
* \@twocolumnfalse
* \@twosidetrue
* \@mparswitchtrue
* \@reversemarginfalse
* (1in=72.27pt=25.4mm, 1cm=28.453pt)

Package caption Info: Begin \AtBeginDocument code.
Package caption Info: hyperref package is loaded.
Package caption Info: End \AtBeginDocument code.
Package hyperref Info: Link coloring ON on input line 23.
(main.out) (main.out)
\@outlinefile=\write3
\openout3 = `main.out'.

 [1



{C:/Users/andre/AppData/Local/MiKTeX/fonts/map/pdftex/pdftex.map}{C:/Users/andr
e/AppData/Local/Programs/MiKTeX/fonts/enc/dvips/base/8r.enc}] [2

] (frontmatter/declaration.tex
LaTeX Font Info:    Trying to load font information for TS1+ppl on input line 6
.

(C:\Users\andre\AppData\Local\Programs\MiKTeX\tex/latex/psnfss\ts1ppl.fd
File: ts1ppl.fd 2001/06/04 font definitions for TS1/ppl.
)
[3

] [4

]) [5

] [6

] (frontmatter/abstract.tex
LaTeX Font Info:    Trying to load font information for OT1+ppl on input line 3
.

(C:\Users\andre\AppData\Local\Programs\MiKTeX\tex/latex/psnfss\ot1ppl.fd
File: ot1ppl.fd 2001/06/04 font definitions for OT1/ppl.
)
LaTeX Font Info:    Trying to load font information for OML+zplm on input line 
3.

(C:\Users\andre\AppData\Local\Programs\MiKTeX\tex/latex/psnfss\omlzplm.fd
File: omlzplm.fd 2002/09/08 Fontinst v1.914 font definitions for OML/zplm.
)
LaTeX Font Info:    Trying to load font information for OMS+zplm on input line 
3.

(C:\Users\andre\AppData\Local\Programs\MiKTeX\tex/latex/psnfss\omszplm.fd
File: omszplm.fd 2002/09/08 Fontinst v1.914 font definitions for OMS/zplm.
)
LaTeX Font Info:    Trying to load font information for OMX+zplm on input line 
3.

(C:\Users\andre\AppData\Local\Programs\MiKTeX\tex/latex/psnfss\omxzplm.fd
File: omxzplm.fd 2002/09/08 Fontinst v1.914 font definitions for OMX/zplm.
)
LaTeX Font Info:    Trying to load font information for OT1+zplm on input line 
3.

(C:\Users\andre\AppData\Local\Programs\MiKTeX\tex/latex/psnfss\ot1zplm.fd
File: ot1zplm.fd 2002/09/08 Fontinst v1.914 font definitions for OT1/zplm.
)
LaTeX Font Info:    Font shape `U/msa/m/n' will be
(Font)              scaled to size 11.40997pt on input line 3.
LaTeX Font Info:    Font shape `U/msa/m/n' will be
(Font)              scaled to size 8.33606pt on input line 3.
LaTeX Font Info:    Font shape `U/msa/m/n' will be
(Font)              scaled to size 6.25204pt on input line 3.
LaTeX Font Info:    Font shape `U/msb/m/n' will be
(Font)              scaled to size 11.40997pt on input line 3.
LaTeX Font Info:    Font shape `U/msb/m/n' will be
(Font)              scaled to size 8.33606pt on input line 3.
LaTeX Font Info:    Font shape `U/msb/m/n' will be
(Font)              scaled to size 6.25204pt on input line 3.

[7

] [8

]) (frontmatter/acknowledgements.tex [9

] [10

]) (main.toc [11

] [12]
[13])
\tf@toc=\write4
\openout4 = `main.toc'.

 [14] (main.lof
Overfull \hbox (18.24266pt too wide) in paragraph at lines 5--5
 [][] [][][]\T1/ppl/m/n/10.95 Gaspari-Cohn lo-cal-iza-tion ma-trix $[]$ at dif-
fer-ent radii of in-flu-ence on the Lorenz 96 
 []

LaTeX Font Info:    Trying to load font information for T1+cmtt on input line 9
.
(C:\Users\andre\AppData\Local\Programs\MiKTeX\tex/latex/base\t1cmtt.fd
File: t1cmtt.fd 2023/04/13 v2.5m Standard LaTeX font definitions
)
Overfull \hbox (7.51196pt too wide) in paragraph at lines 9--9
 \T1/ppl/m/n/10.95 ma-tor classes (shaded). All anal-y-sis meth-ods in-herit fr
om the ab-stract \T1/cmtt/m/n/10.95 Analysis 
 []

[15

]
Overfull \hbox (3.4463pt too wide) in paragraph at lines 21--21
 [][] [][][]\T1/ppl/m/n/10.95 Absolute value of un-clamped $\OML/zplm/m/it/10.9
5 ^^L[]$ \T1/ppl/m/n/10.95 as a func-tion of en-sem-ble size $\OML/zplm/m/it/10
.95 N[]$ \T1/ppl/m/n/10.95 on Lorenz 96 
 []


Overfull \hbox (1.95976pt too wide) in paragraph at lines 24--24
 \T1/ppl/m/n/10.95 sam-ple pre-ci-sion $\OT1/zplm/b/n/10.95 S[]$\T1/ppl/m/n/10.
95 , iden-tity shrink-age, scaled shrink-age, eigen-value shrink- 
 []


Underfull \vbox (badness 6559) has occurred while \output is active []

 [16])
\tf@lof=\write5
\openout5 = `main.lof'.


[17] [18

] (main.lot
Overfull \hbox (0.30627pt too wide) in paragraph at lines 13--13
 [][] [][][]\T1/ppl/m/n/10.95 Time-averaged rel-a-tive RMSE ($\OMS/zplm/m/n/10.
95 ^^B\OT1/ppl/m/n/10.95 10[]$\T1/ppl/m/n/10.95 ) for the AR(1) cos-mo-log-i-ca
l model. Best 
 []


Overfull \hbox (0.88728pt too wide) in paragraph at lines 14--14
 [][] [][][]\T1/ppl/m/n/10.95 Method rec-om-men-da-tion by regime. ``Tar-get kn
own'' means a struc-tural prior 
 []

[19]
Overfull \hbox (14.3228pt too wide) in paragraph at lines 33--33
 [][] [][][]\T1/ppl/m/n/10.95 Welch's $\OML/zplm/m/it/10.95 t$\T1/ppl/m/n/10.95
 -test $\OML/zplm/m/it/10.95 p$\T1/ppl/m/n/10.95 -values com-par-ing Ledoit-Wol
f against each method on Lorenz 96 
 []

)
\tf@lot=\write6
\openout6 = `main.lot'.

 [20] (main.loa)
\tf@loa=\write7
\openout7 = `main.loa'.

 [21

] [22

] [23] [24

] [25] [26

] (chapters/introduction.tex
Chapter 1.
[1


]
LaTeX Font Info:    Trying to load font information for U+fplmbb on input line 
14.
 (C:\Users\andre\AppData\Local\Programs\MiKTeX\tex/latex/psnfss\ufplmbb.fd
File: ufplmbb.fd 2003/10/30 Fontinst v1.914 font definitions for U/fplmbb.
)
Underfull \vbox (badness 10000) has occurred while \output is active []

 [2]
Underfull \vbox (badness 7344) has occurred while \output is active []

 [3]
Overfull \hbox (10.10683pt too wide) in paragraph at lines 68--69
\T1/ppl/m/n/10.95 ture, Lorenz 96 (dense pre-ci-sion) and BOSS DR12 cos-mo-log-
i-cal mock data (near-diagonal
 []


Overfull \hbox (6.29614pt too wide) in paragraph at lines 68--69
\T1/ppl/m/n/10.95 pre-ci-sion), along-side two base-lines (stan-dard EnKF, EnKF
-Cholesky). This dual-domain
 []

[4]) (chapters/preliminaries.tex [5] [6

]
Chapter 2.
<../paper/figures/bayesian_inference.pdf, id=1110, 498.43904pt x 280.0751pt>
File: ../paper/figures/bayesian_inference.pdf Graphic file (type pdf)
<use ../paper/figures/bayesian_inference.pdf>
Package pdftex.def Info: ../paper/figures/bayesian_inference.pdf  used on input
 line 27.
(pdftex.def)             Requested size: 352.81552pt x 198.24785pt.

Underfull \vbox (badness 1546) has occurred while \output is active []

 [7]
<../paper/figures/da_cycle.pdf, id=1125, 715.47299pt x 269.37001pt>
File: ../paper/figures/da_cycle.pdf Graphic file (type pdf)
<use ../paper/figures/da_cycle.pdf>
Package pdftex.def Info: ../paper/figures/da_cycle.pdf  used on input line 54.
(pdftex.def)             Requested size: 441.01773pt x 166.03764pt.

[8 <../paper/figures/bayesian_inference.pdf> <../paper/figures/da_cycle.pdf>]
Underfull \vbox (badness 1789) has occurred while \output is active []

 [9]
Overfull \hbox (0.83118pt too wide) in paragraph at lines 121--122
\T1/ppl/m/n/10.95 ground co-vari-ance es-ti-mate (from the en-sem-ble spread) w
ith-out re-quir-ing the ad-joint model.
 []

[10] [11] [12]
<../paper/figures/localization_matrices.pdf, id=1314, 973.26164pt x 316.38173pt
>
File: ../paper/figures/localization_matrices.pdf Graphic file (type pdf)
<use ../paper/figures/localization_matrices.pdf>
Package pdftex.def Info: ../paper/figures/localization_matrices.pdf  used on in
put line 235.
(pdftex.def)             Requested size: 441.01773pt x 143.3601pt.

Underfull \vbox (badness 10000) has occurred while \output is active []

 [13 <../paper/figures/localization_matrices.pdf>]
Underfull \vbox (badness 1661) has occurred while \output is active []

 [14]
<../paper/figures/eigenvalue_spectrum.pdf, id=1404, 1004.2517pt x 334.5135pt>
File: ../paper/figures/eigenvalue_spectrum.pdf Graphic file (type pdf)
<use ../paper/figures/eigenvalue_spectrum.pdf>
Package pdftex.def Info: ../paper/figures/eigenvalue_spectrum.pdf  used on inpu
t line 284.
(pdftex.def)             Requested size: 441.01773pt x 146.90565pt.

[15 <../paper/figures/eigenvalue_spectrum.pdf>] [16] [17]
Overfull \hbox (4.41899pt too wide) in paragraph at lines 380--382
\T1/ppl/m/n/10.95 where $\OML/zplm/m/it/10.95 []$ \T1/ppl/m/n/10.95 and $\OML/
zplm/m/it/10.95 ^^L[]$ \T1/ppl/m/n/10.95 are de-rived an-a-lyt-i-cally by min-i
-miz-ing the ex-pected quadratic loss $\U/fplmbb/m/n/10.95 E\OT1/zplm/m/n/10.95
 [\OMS/zplm/m/n/10.95 k[][] ^^@
 []


Overfull \hbox (31.59401pt too wide) in paragraph at lines 390--391
[]\T1/ppl/m/n/10.95 The de-nom-i-na-tor of the cor-rec-tion term in $\OML/zplm/
m/it/10.95 []$ \T1/ppl/m/n/10.95 in-volves the quan-tity $\OMS/zplm/m/n/10.95 
k[][]k[]k[][]k[] ^^@ \OT1/zplm/m/n/10.95 ([]([][][][]))[]$\T1/ppl/m/n/10.95 ,
 []

[18] [19] [20]
Underfull \vbox (badness 1748) has occurred while \output is active []

 [21]
Overfull \hbox (2.003pt too wide) in paragraph at lines 480--481
\T1/ppl/m/n/10.95 localization---tapering of long-range correlations---rather t
han shrink-age ([][]Gas-pari and Cohn[][],
 []

[22] [23]) (chapters/proposed_method.tex [24]
Chapter 3.
[25

]
LaTeX Font Info:    Font shape `U/msa/m/n' will be
(Font)              scaled to size 9.37807pt on input line 37.
LaTeX Font Info:    Font shape `U/msa/m/n' will be
(Font)              scaled to size 7.29405pt on input line 37.
LaTeX Font Info:    Font shape `U/msa/m/n' will be
(Font)              scaled to size 5.21004pt on input line 37.
LaTeX Font Info:    Font shape `U/msb/m/n' will be
(Font)              scaled to size 9.37807pt on input line 37.
LaTeX Font Info:    Font shape `U/msb/m/n' will be
(Font)              scaled to size 7.29405pt on input line 37.
LaTeX Font Info:    Font shape `U/msb/m/n' will be
(Font)              scaled to size 5.21004pt on input line 37.
 [26]
<../paper/figures/target_comparison.pdf, id=1696, 1108.74382pt x 308.99155pt>
File: ../paper/figures/target_comparison.pdf Graphic file (type pdf)
<use ../paper/figures/target_comparison.pdf>
Package pdftex.def Info: ../paper/figures/target_comparison.pdf  used on input 
line 54.
(pdftex.def)             Requested size: 441.01773pt x 122.90605pt.
Package hyperref Info: bookmark level for unknown algorithm defaults to 0 on in
put line 65.

Overfull \hbox (0.73933pt too wide) in paragraph at lines 78--79
[]\T1/ppl/m/n/10.95 For the iden-tity tar-get, the terms in the Bod-nar for-mul
a sim-plify: $\OMS/zplm/m/n/10.95 k[][]k[] \OT1/zplm/m/n/10.95 = \OML/zplm/m/it
/10.95 n$\T1/ppl/m/n/10.95 , $[]\OT1/zplm/m/n/10.95 ([][][][]) =
 []

[27 <../paper/figures/target_comparison.pdf>] [28]
Overfull \hbox (1.5738pt too wide) in paragraph at lines 165--166
[]\T1/ppl/m/n/10.95 The Cauchy-Schwarz de-nom-i-na-tor is $\OMS/zplm/m/n/10.95 
k[][]k[]k[][]k[] ^^@ \OT1/zplm/m/n/10.95 ([]([][][][]))[] = \OT1/ppl/m/n/10.95 
0.751 \OMS/zplm/m/n/10.95 ^^B \OT1/ppl/m/n/10.95 3 \OMS/zplm/m/n/10.95 ^^@ \OT1
/ppl/m/n/10.95 1.473[] \OT1/zplm/m/n/10.95 =
 []

[29]
Overfull \hbox (9.59645pt too wide) in paragraph at lines 215--216
[]\T1/ppl/m/n/10.95 The mod-i-fied Cholesky ap-proach avoids the $\OMS/zplm/m/n
/10.95 O\OT1/zplm/m/n/10.95 (\OML/zplm/m/it/10.95 n[]\OT1/zplm/m/n/10.95 )$ \T1
/ppl/m/n/10.95 in-ver-sion en-tirely by ex-ploit-ing banded
 []

[30]
<../paper/figures/class_diagram.pdf, id=1852, 789.18839pt x 498.663pt>
File: ../paper/figures/class_diagram.pdf Graphic file (type pdf)
<use ../paper/figures/class_diagram.pdf>
Package pdftex.def Info: ../paper/figures/class_diagram.pdf  used on input line
 226.
(pdftex.def)             Requested size: 441.01773pt x 278.67108pt.

Overfull \hbox (48.23975pt too wide) in paragraph at lines 240--241
[]\T1/ppl/b/n/10.95 Analysis\T1/ppl/m/n/10.95 : Ab-stract base for as-sim-i-la-
tion meth-ods. Sub-classes over-ride \T1/cmtt/m/n/10.95 perform_assimilation()
 []


Overfull \hbox (10.65724pt too wide) in paragraph at lines 241--242
\T1/cmtt/m/n/10.95 Analysis.perform_assimilation() \T1/ppl/m/n/10.95 in se-quen
ce, and stor-ing re-sults for post-processing. 
 []

[31] [32 <../paper/figures/class_diagram.pdf>]
Overfull \hbox (58.17578pt too wide) in paragraph at lines 276--277
[]\T1/cmtt/m/n/10.95 AnalysisEnKFDirectPrecisionShrinkageIdentityScaled\T1/ppl/
m/n/10.95 : Com-putes $[]\OT1/zplm/m/n/10.95 (\OT1/ppl/m/n/10.95 1\OT1/zplm/m/n
/10.95 /(\OT1/ppl/m/n/10.95 2\OML/zplm/m/it/10.95 ^^[[]\OT1/zplm/m/n/10.95 )\OT
1/ppl/m/n/10.95 , [] , 1\OT1/zplm/m/n/10.95 /(\OT1/ppl/m/n/10.95 2\OML/zplm/m/i
t/10.95 ^^[[]\OT1/zplm/m/n/10.95 ))$
 []


Overfull \hbox (0.47958pt too wide) in paragraph at lines 278--279
[]\T1/cmtt/m/n/10.95 AnalysisEnKFDirectPrecisionShrinkageCosmo\T1/ppl/m/n/10.95
 : Reads BOSS power spec-trum pa-ram-
 []


Overfull \hbox (94.00714pt too wide) in paragraph at lines 283--284
\T1/ppl/m/n/10.95 boot-strap re-sam-ples per as-sim-i-la-tion cy-cle. Ledoit-Wo
lf is im-ple-mented as \T1/cmtt/m/n/10.95 AnalysisEnKFLedoitWolfShrinkage\T1/pp
l/m/n/10.95 ,
 []

) (chapters/benchmark.tex [33] [34]
Chapter 4.
[35

]
<../paper/figures/sample_cov_comparison.pdf, id=1987, 976.12268pt x 316.38173pt
>
File: ../paper/figures/sample_cov_comparison.pdf Graphic file (type pdf)
<use ../paper/figures/sample_cov_comparison.pdf>
Package pdftex.def Info: ../paper/figures/sample_cov_comparison.pdf  used on in
put line 35.
(pdftex.def)             Requested size: 441.01773pt x 142.94493pt.
 [36 <../paper/figures/sample_cov_comparison.pdf>] [37]
Overfull \hbox (20.34813pt too wide) in paragraph at lines 92--93
[] []\T1/ppl/b/n/10.95 Regime map.[] \T1/ppl/m/n/10.95 Fig-ure [][]5.1[][] (an-
a-lyzed in Chap-ter [][]5[][]) places both ex-per-i-ments on a two-dimensional
 []

LaTeX Font Info:    Font shape `U/msa/m/n' will be
(Font)              scaled to size 10.42007pt on input line 105.
LaTeX Font Info:    Font shape `U/msa/m/n' will be
(Font)              scaled to size 7.91925pt on input line 105.
LaTeX Font Info:    Font shape `U/msb/m/n' will be
(Font)              scaled to size 10.42007pt on input line 105.
LaTeX Font Info:    Font shape `U/msb/m/n' will be
(Font)              scaled to size 7.91925pt on input line 105.

Overfull \hbox (80.8745pt too wide) in paragraph at lines 105--120
 [][] 
 []

[38]
<../paper/figures/rmse_time.pdf, id=2113, 426.00136pt x 279.50798pt>
File: ../paper/figures/rmse_time.pdf Graphic file (type pdf)
<use ../paper/figures/rmse_time.pdf>
Package pdftex.def Info: ../paper/figures/rmse_time.pdf  used on input line 150
.
(pdftex.def)             Requested size: 396.91325pt x 260.42166pt.
<../paper/figures/rmse_time_ne50.pdf, id=2116, 568.18774pt x 349.82443pt>
File: ../paper/figures/rmse_time_ne50.pdf Graphic file (type pdf)
<use ../paper/figures/rmse_time_ne50.pdf>
Package pdftex.def Info: ../paper/figures/rmse_time_ne50.pdf  used on input lin
e 159.
(pdftex.def)             Requested size: 396.91325pt x 244.38434pt.
<../paper/figures/rmse_time_ne60.pdf, id=2117, 568.16765pt x 349.82443pt>
File: ../paper/figures/rmse_time_ne60.pdf Graphic file (type pdf)
<use ../paper/figures/rmse_time_ne60.pdf>
Package pdftex.def Info: ../paper/figures/rmse_time_ne60.pdf  used on input lin
e 166.
(pdftex.def)             Requested size: 396.91325pt x 244.38434pt.
 [39]
Underfull \vbox (badness 2253) has occurred while \output is active []

 [40 <../paper/figures/rmse_time.pdf>]
<../paper/figures/lorenz_rmse_boxplot_ne50.pdf, id=2192, 709.92026pt x 350.4620
4pt>
File: ../paper/figures/lorenz_rmse_boxplot_ne50.pdf Graphic file (type pdf)
<use ../paper/figures/lorenz_rmse_boxplot_ne50.pdf>
Package pdftex.def Info: ../paper/figures/lorenz_rmse_boxplot_ne50.pdf  used on
 input line 183.
(pdftex.def)             Requested size: 396.91325pt x 195.94188pt.
<../paper/figures/lorenz_rmse_boxplot_ne100.pdf, id=2193, 709.98048pt x 350.462
04pt>
File: ../paper/figures/lorenz_rmse_boxplot_ne100.pdf Graphic file (type pdf)
<use ../paper/figures/lorenz_rmse_boxplot_ne100.pdf>
Package pdftex.def Info: ../paper/figures/lorenz_rmse_boxplot_ne100.pdf  used o
n input line 190.
(pdftex.def)             Requested size: 396.91325pt x 195.92584pt.
<../paper/figures/rmse_time_ne80.pdf, id=2196, 568.16765pt x 349.82443pt>
File: ../paper/figures/rmse_time_ne80.pdf Graphic file (type pdf)
<use ../paper/figures/rmse_time_ne80.pdf>
Package pdftex.def Info: ../paper/figures/rmse_time_ne80.pdf  used on input lin
e 220.
(pdftex.def)             Requested size: 396.91325pt x 244.38434pt.

Underfull \vbox (badness 1178) has occurred while \output is active []

 [41 <../paper/figures/rmse_time_ne50.pdf>]
<../paper/figures/lorenz_rmse_boxplot.pdf, id=2266, 709.98048pt x 350.46204pt>
File: ../paper/figures/lorenz_rmse_boxplot.pdf Graphic file (type pdf)
<use ../paper/figures/lorenz_rmse_boxplot.pdf>
Package pdftex.def Info: ../paper/figures/lorenz_rmse_boxplot.pdf  used on inpu
t line 229.
(pdftex.def)             Requested size: 396.91325pt x 195.92584pt.
<../paper/figures/lorenz_per_method_panels.pdf, id=2268, 1076.47984pt x 659.728
47pt>
File: ../paper/figures/lorenz_per_method_panels.pdf Graphic file (type pdf)
<use ../paper/figures/lorenz_per_method_panels.pdf>
Package pdftex.def Info: ../paper/figures/lorenz_per_method_panels.pdf  used on
 input line 238.
(pdftex.def)             Requested size: 441.01773pt x 270.27902pt.

Underfull \vbox (badness 10000) has occurred while \output is active []

 [42 <../paper/figures/rmse_time_ne60.pdf>]
<../paper/figures/alpha_vs_ne.pdf, id=2338, 494.05379pt x 313.9415pt>
File: ../paper/figures/alpha_vs_ne.pdf Graphic file (type pdf)
<use ../paper/figures/alpha_vs_ne.pdf>
Package pdftex.def Info: ../paper/figures/alpha_vs_ne.pdf  used on input line 2
56.
(pdftex.def)             Requested size: 396.91325pt x 252.22177pt.
 [43 <../paper/figures/lorenz_rmse_boxplot_ne50.pdf>]
Overfull \hbox (5.76514pt too wide) in paragraph at lines 270--271
\T1/ppl/m/n/10.95 value tar-get is de-rived from $[][]$ it-self, the Cauchy-Sch
warz de-nom-i-na-tor $\OMS/zplm/m/n/10.95 k[][]k[]k[][]k[] ^^@
 []

<../paper/figures/beta_vs_ne.pdf, id=2416, 492.9472pt x 313.9415pt>
File: ../paper/figures/beta_vs_ne.pdf Graphic file (type pdf)
<use ../paper/figures/beta_vs_ne.pdf>
Package pdftex.def Info: ../paper/figures/beta_vs_ne.pdf  used on input line 27
5.
(pdftex.def)             Requested size: 396.91325pt x 252.78224pt.
<../paper/figures/condition_vs_ne.pdf, id=2418, 495.28915pt x 312.72899pt>
File: ../paper/figures/condition_vs_ne.pdf Graphic file (type pdf)
<use ../paper/figures/condition_vs_ne.pdf>
Package pdftex.def Info: ../paper/figures/condition_vs_ne.pdf  used on input li
ne 288.
(pdftex.def)             Requested size: 396.91325pt x 250.61298pt.
[44 <../paper/figures/lorenz_rmse_boxplot_ne100.pdf>]
<../paper/figures/rmse_vs_ne.pdf, id=2493, 426.16904pt x 277.94728pt>
File: ../paper/figures/rmse_vs_ne.pdf Graphic file (type pdf)
<use ../paper/figures/rmse_vs_ne.pdf>
Package pdftex.def Info: ../paper/figures/rmse_vs_ne.pdf  used on input line 30
2.
(pdftex.def)             Requested size: 396.91325pt x 258.86998pt.
<../paper/figures/precision_heatmap.pdf, id=2496, 931.6864pt x 446.25761pt>
File: ../paper/figures/precision_heatmap.pdf Graphic file (type pdf)
<use ../paper/figures/precision_heatmap.pdf>
Package pdftex.def Info: ../paper/figures/precision_heatmap.pdf  used on input 
line 316.
(pdftex.def)             Requested size: 396.91325pt x 190.1166pt.
 [45 <../paper/figures/rmse_time_ne80.pdf>] [46 <../paper/figures/lorenz_rmse_b
oxplot.pdf>]
<../paper/figures/cosmo_matrix_loss.pdf, id=2641, 570.8395pt x 351.87209pt>
File: ../paper/figures/cosmo_matrix_loss.pdf Graphic file (type pdf)
<use ../paper/figures/cosmo_matrix_loss.pdf>
Package pdftex.def Info: ../paper/figures/cosmo_matrix_loss.pdf  used on input 
line 360.
(pdftex.def)             Requested size: 396.91325pt x 244.67119pt.
 [47 <../paper/figures/lorenz_per_method_panels.pdf>]
<../paper/figures/cosmo_rmse_time_ne24.pdf, id=2710, 568.16765pt x 349.82443pt>

File: ../paper/figures/cosmo_rmse_time_ne24.pdf Graphic file (type pdf)
<use ../paper/figures/cosmo_rmse_time_ne24.pdf>
Package pdftex.def Info: ../paper/figures/cosmo_rmse_time_ne24.pdf  used on inp
ut line 374.
(pdftex.def)             Requested size: 396.91325pt x 244.38434pt.
<../paper/figures/cosmo_rmse_time_ne30.pdf, id=2711, 568.14761pt x 349.82443pt>

File: ../paper/figures/cosmo_rmse_time_ne30.pdf Graphic file (type pdf)
<use ../paper/figures/cosmo_rmse_time_ne30.pdf>
Package pdftex.def Info: ../paper/figures/cosmo_rmse_time_ne30.pdf  used on inp
ut line 381.
(pdftex.def)             Requested size: 396.91325pt x 244.39502pt.
<../paper/figures/cosmo_rmse_time_ne40.pdf, id=2712, 568.16765pt x 349.82443pt>

File: ../paper/figures/cosmo_rmse_time_ne40.pdf Graphic file (type pdf)
<use ../paper/figures/cosmo_rmse_time_ne40.pdf>
Package pdftex.def Info: ../paper/figures/cosmo_rmse_time_ne40.pdf  used on inp
ut line 388.
(pdftex.def)             Requested size: 396.91325pt x 244.38434pt.
<../paper/figures/cosmo_rmse_time_ne50.pdf, id=2713, 568.16765pt x 349.82443pt>

File: ../paper/figures/cosmo_rmse_time_ne50.pdf Graphic file (type pdf)
<use ../paper/figures/cosmo_rmse_time_ne50.pdf>
Package pdftex.def Info: ../paper/figures/cosmo_rmse_time_ne50.pdf  used on inp
ut line 395.
(pdftex.def)             Requested size: 396.91325pt x 244.38434pt.
 [48 <../paper/figures/alpha_vs_ne.pdf>]
<../paper/figures/cosmo_rmse_boxplot.pdf, id=2790, 709.98048pt x 350.64742pt>
File: ../paper/figures/cosmo_rmse_boxplot.pdf Graphic file (type pdf)
<use ../paper/figures/cosmo_rmse_boxplot.pdf>
Package pdftex.def Info: ../paper/figures/cosmo_rmse_boxplot.pdf  used on input
 line 432.
(pdftex.def)             Requested size: 396.91325pt x 196.02948pt.
<../paper/figures/cosmo_enkf_rmse.pdf, id=2795, 571.01833pt x 350.28152pt>
File: ../paper/figures/cosmo_enkf_rmse.pdf Graphic file (type pdf)
<use ../paper/figures/cosmo_enkf_rmse.pdf>
Package pdftex.def Info: ../paper/figures/cosmo_enkf_rmse.pdf  used on input li
ne 441.
(pdftex.def)             Requested size: 396.91325pt x 243.48503pt.

Underfull \vbox (badness 10000) has occurred while \output is active []

 [49 <../paper/figures/beta_vs_ne.pdf>] [50 <../paper/figures/condition_vs_ne.p
df>]
[51 <../paper/figures/rmse_vs_ne.pdf>]
Overfull \hbox (2.53445pt too wide) in paragraph at lines 477--478
[]\T1/ppl/m/n/10.95 The sam-ple pre-ci-sion $\OT1/zplm/b/n/10.95 S[]$ \T1/ppl/m
/n/10.95 (top left) shows the ex-pected banded struc-ture from Lorenz 96's
 []

[52 <../paper/figures/precision_heatmap.pdf>] [53 <../paper/figures/cosmo_matri
x_loss.pdf>]
<../paper/figures/timing_comparison.pdf, id=3177, 857.77716pt x 368.76659pt>
File: ../paper/figures/timing_comparison.pdf Graphic file (type pdf)
<use ../paper/figures/timing_comparison.pdf>
Package pdftex.def Info: ../paper/figures/timing_comparison.pdf  used on input 
line 492.
(pdftex.def)             Requested size: 441.01773pt x 189.59898pt.
 [54 <../paper/figures/cosmo_rmse_time_ne24.pdf>]
<../paper/figures/timing_scaling.pdf, id=3245, 534.07343pt x 349.06398pt>
File: ../paper/figures/timing_scaling.pdf Graphic file (type pdf)
<use ../paper/figures/timing_scaling.pdf>
Package pdftex.def Info: ../paper/figures/timing_scaling.pdf  used on input lin
e 513.
(pdftex.def)             Requested size: 396.91325pt x 259.42181pt.
 [55 <../paper/figures/cosmo_rmse_time_ne30.pdf>]
Overfull \hbox (33.96074pt too wide) in paragraph at lines 533--534
[]\T1/ppl/b/n/10.95 BLAS/LAPACK back-end. \T1/ppl/m/n/10.95 All ma-trix in-ver-
sions in our code go through \T1/cmtt/m/n/10.95 numpy.linalg.solve\T1/ppl/m/n/1
0.95 ,
 []

[56 <../paper/figures/cosmo_rmse_time_ne40.pdf>] [57 <../paper/figures/cosmo_rm
se_time_ne50.pdf>]
<../paper/figures/cosmo_enkf_bar.pdf, id=3452, 498.36063pt x 278.88177pt>
File: ../paper/figures/cosmo_enkf_bar.pdf Graphic file (type pdf)
<use ../paper/figures/cosmo_enkf_bar.pdf>
Package pdftex.def Info: ../paper/figures/cosmo_enkf_bar.pdf  used on input lin
e 581.
(pdftex.def)             Requested size: 396.91325pt x 222.11845pt.
 [58 <../paper/figures/cosmo_rmse_boxplot.pdf>] [59 <../paper/figures/cosmo_enk
f_rmse.pdf>]) (chapters/discussion.tex [60 <../paper/figures/timing_comparison.
pdf>] [61 <../paper/figures/timing_scaling.pdf>] [62 <../paper/figures/cosmo_en
kf_bar.pdf>]
Chapter 5.
<../paper/figures/shrinkage_regime_map.pdf, id=3816, 567.6958pt x 422.17285pt>
File: ../paper/figures/shrinkage_regime_map.pdf Graphic file (type pdf)
<use ../paper/figures/shrinkage_regime_map.pdf>
Package pdftex.def Info: ../paper/figures/shrinkage_regime_map.pdf  used on inp
ut line 21.
(pdftex.def)             Requested size: 374.86775pt x 278.77666pt.

Underfull \vbox (badness 1389) has occurred while \output is active []

 [63

]
[64 <../paper/figures/shrinkage_regime_map.pdf>]
Overfull \hbox (6.97934pt too wide) in paragraph at lines 50--51
[]\T1/ppl/m/n/10.95 Figure [][]5.2[][] il-lus-trates this by plot-ting each met
hod's stan-dalone es-ti-ma-tion vari-ance against
 []

<../paper/figures/variance_vs_bias.pdf, id=3891, 509.83075pt x 350.2642pt>
File: ../paper/figures/variance_vs_bias.pdf Graphic file (type pdf)
<use ../paper/figures/variance_vs_bias.pdf>
Package pdftex.def Info: ../paper/figures/variance_vs_bias.pdf  used on input l
ine 54.
(pdftex.def)             Requested size: 374.86775pt x 257.54532pt.

Overfull \hbox (5.1291pt too wide) in paragraph at lines 59--60
\T1/ppl/m/n/10.95 ex-tremely ill-conditioned es-ti-mates (con-di-tion num-bers 
$\OT1/ppl/m/n/10.95 10[]$\T1/ppl/m/n/10.95 --$\OT1/ppl/m/n/10.95 10[]$\T1/ppl/m
/n/10.95 ) that trig-ger cas-cades. Even
 []


Underfull \vbox (badness 10000) has occurred while \output is active []

 [65 <../paper/figures/variance_vs_bias.pdf>]
Overfull \hbox (7.49396pt too wide) in paragraph at lines 75--76
[]\T1/ppl/m/n/10.95 This do-main de-pen-dence is well-established in the co-var
i-ance es-ti-ma-tion lit-er-a-ture. [][]Ledoit
 []

[66]
Overfull \hbox (10.30878pt too wide) in paragraph at lines 106--107
[]\T1/ppl/m/n/10.95 Both stud-ies find that di-rect pre-ci-sion shrink-age out-
per-forms Ledoit-Wolf on near-diagonal
 []

[67] [68]
Overfull \hbox (4.9044pt too wide) in paragraph at lines 131--132
[]\T1/ppl/m/n/10.95 Ledoit-Wolf is the de-fault choice for se-quen-tial fil-ter
-ing with-out domain-specific knowl-
 []

[69]
Overfull \hbox (10.13815pt too wide) in paragraph at lines 155--156
\T1/ppl/m/n/10.95 The shrink-age es-ti-ma-tors stud-ied in this the-sis are one
 ap-proach to reg-u-lar-iz-ing ill-conditioned
 []


Overfull \hbox (2.53404pt too wide) in paragraph at lines 161--162
[]\T1/ppl/m/n/10.95 The Marchenko-Pastur law and its ex-ten-sions pro-vide an-a
-lyt-i-cal cor-rec-tions for the eigen-
 []

) (chapters/conclusions.tex [70] [71] [72

]
Chapter 6.

Overfull \hbox (1.11552pt too wide) in paragraph at lines 8--9
\T1/ppl/m/n/10.95 pling, di-ag-o-nal tar-gets pro-duce er-ratic fil-ter-ing be-
hav-ior: the Bod-nar co-ef-fi-cients are severely
 []


Overfull \hbox (6.5359pt too wide) in paragraph at lines 16--17
\T1/ppl/m/n/10.95 (Frobe-nius loss) with-out re-quir-ing any domain-specific in
-for-ma-tion. The im-prove-ment comes
 []

[73] [74]
Underfull \vbox (badness 5711) has occurred while \output is active []

 [75])
(chapters/appendix.tex [76]
Appendix A.
[77

]
Overfull \hbox (17.7209pt too wide) in paragraph at lines 103--104
\T1/ppl/m/n/10.95 eigen-val-ues of $[][]$ it-self. By the Cauchy-Schwarz in-equ
al-ity, $[]\OT1/zplm/m/n/10.95 ([][][][])$ \T1/ppl/m/n/10.95 is close to $\OMS/
zplm/m/n/10.95 k[][]k[]k[][]k[]$
 []


Overfull \hbox (37.01231pt too wide) in paragraph at lines 103--104
\T1/ppl/m/n/10.95 (since the two ma-tri-ces share eigen-val-ues up to or-der-in
g), mak-ing the de-nom-i-na-tor $\OMS/zplm/m/n/10.95 k[][]k[]k[][]k[] ^^@
 []

[78]
Overfull \hbox (2.5446pt too wide) in paragraph at lines 105--106
[]\T1/ppl/m/n/10.95 Despite the near-zero shrink-age, the eigen-value tar-get p
ro-duces the high-est RMSE among
 []

[79] [80

]
Appendix B.
[81] [82]
Appendix C.
[83

] [84]
Appendix D.
[85

] [86]
Appendix E.

Underfull \vbox (badness 10000) has occurred while \output is active []

 [87

]
[88]
Appendix F.

Overfull \hbox (5.57552pt too wide) in paragraph at lines 304--304
|\T1/ppl/b/n/24.88 Derivation of the Bod-nar Shrink-age Co-
 []

[89

] [90]
Appendix G.
[91

] [92] [93] [94]
Appendix H.

Overfull \hbox (0.64581pt too wide) in paragraph at lines 521--522
[]\T1/ppl/m/n/10.95 Ledoit-Wolf's ad-van-tage is sta-tis-ti-cally sig-nif-i-can
t ($\OML/zplm/m/it/10.95 p < \OT1/ppl/m/n/10.95 0.001$\T1/ppl/m/n/10.95 ) again
st all shrink-age meth-
 []

) [95

] [96] (main.bbl [97


] [98] [99]) [100] (main.aux)
 ***********
LaTeX2e <2023-11-01> patch level 1
L3 programming layer <2024-01-04>
 ***********
Package rerunfilecheck Info: File `main.out' has not changed.
(rerunfilecheck)             Checksum: 3892D2C0AF01F29691687876DEE99E7F;22034.
 ) 
Here is how much of TeX's memory you used:
 15456 strings out of 474486
 253106 string characters out of 5743755
 1964542 words of memory out of 5000000
 36940 multiletter control sequences out of 15000+600000
 634676 words of font info for 207 fonts, out of 8000000 for 9000
 1141 hyphenation exceptions out of 8191
 89i,15n,93p,2523b,644s stack positions out of 10000i,1000n,20000p,200000b,200000s
 <C:\Users\andre\AppData\Local\MiKTeX\fonts/pk/ljfour/jknappen/ec/dpi600\ectt
0900.pk> <C:\Users\andre\AppData\Local\MiKTeX\fonts/pk/ljfour/jknappen/ec/dpi60
0\ectt1095.pk><C:/Users/andre/AppData/Local/Programs/MiKTeX/fonts/type1/public/
amsfonts/cm/cmex10.pfb><C:/Users/andre/AppData/Local/Programs/MiKTeX/fonts/type
1/public/amsfonts/cm/cmmi10.pfb><C:/Users/andre/AppData/Local/Programs/MiKTeX/f
onts/type1/public/amsfonts/cm/cmmib10.pfb><C:/Users/andre/AppData/Local/Program
s/MiKTeX/fonts/type1/public/amsfonts/cm/cmr10.pfb><C:/Users/andre/AppData/Local
/Programs/MiKTeX/fonts/type1/public/amsfonts/cm/cmsy10.pfb><C:/Users/andre/AppD
ata/Local/Programs/MiKTeX/fonts/type1/public/mathpazo/fplmb.pfb><C:/Users/andre
/AppData/Local/Programs/MiKTeX/fonts/type1/public/mathpazo/fplmbb.pfb><C:/Users
/andre/AppData/Local/Programs/MiKTeX/fonts/type1/public/mathpazo/fplmbi.pfb><C:
/Users/andre/AppData/Local/Programs/MiKTeX/fonts/type1/public/mathpazo/fplmr.pf
b><C:/Users/andre/AppData/Local/Programs/MiKTeX/fonts/type1/public/mathpazo/fpl
mri.pfb><C:/Users/andre/AppData/Local/Programs/MiKTeX/fonts/type1/public/amsfon
ts/symbols/msam10.pfb><C:/Users/andre/AppData/Local/Programs/MiKTeX/fonts/type1
/urw/palatino/uplb8a.pfb><C:/Users/andre/AppData/Local/Programs/MiKTeX/fonts/ty
pe1/urw/palatino/uplr8a.pfb><C:/Users/andre/AppData/Local/Programs/MiKTeX/fonts
/type1/urw/palatino/uplri8a.pfb>
Output written on main.pdf (126 pages, 1659263 bytes).
PDF statistics:
 4456 PDF objects out of 5155 (max. 8388607)
 484 named destinations out of 1000 (max. 500000)
 1113 words of extra memory for PDF output out of 10000 (max. 10000000)

