\BOOKMARK [0][-]{Doc-Start}{\376\377\000D\000e\000c\000l\000a\000r\000a\000t\000i\000o\000n\000\040\000o\000f\000\040\000A\000u\000t\000h\000o\000r\000s\000h\000i\000p}{}% 1
\BOOKMARK [0][-]{Doc-Start}{\376\377\000A\000b\000s\000t\000r\000a\000c\000t}{}% 2
\BOOKMARK [0][-]{Doc-Start}{\376\377\000A\000c\000k\000n\000o\000w\000l\000e\000d\000g\000e\000m\000e\000n\000t\000s}{}% 3
\BOOKMARK [0][-]{chapter*.4}{\376\377\000L\000i\000s\000t\000\040\000o\000f\000\040\000A\000l\000g\000o\000r\000i\000t\000h\000m\000s}{}% 4
\BOOKMARK [0][-]{chapter*.5}{\376\377\000L\000i\000s\000t\000\040\000o\000f\000\040\000A\000b\000b\000r\000e\000v\000i\000a\000t\000i\000o\000n\000s}{}% 5
\BOOKMARK [0][-]{chapter.1}{\376\377\000I\000n\000t\000r\000o\000d\000u\000c\000t\000i\000o\000n}{}% 6
\BOOKMARK [1][-]{section.1.1}{\376\377\000N\000o\000t\000a\000t\000i\000o\000n}{chapter.1}% 7
\BOOKMARK [1][-]{section.1.2}{\376\377\000S\000c\000o\000p\000e\000\040\000a\000n\000d\000\040\000C\000o\000n\000t\000r\000i\000b\000u\000t\000i\000o\000n\000s}{chapter.1}% 8
\BOOKMARK [1][-]{section.1.3}{\376\377\000T\000h\000e\000s\000i\000s\000\040\000O\000r\000g\000a\000n\000i\000z\000a\000t\000i\000o\000n}{chapter.1}% 9
\BOOKMARK [0][-]{chapter.2}{\376\377\000P\000r\000e\000l\000i\000m\000i\000n\000a\000r\000i\000e\000s}{}% 10
\BOOKMARK [1][-]{section.2.1}{\376\377\000D\000a\000t\000a\000\040\000A\000s\000s\000i\000m\000i\000l\000a\000t\000i\000o\000n}{chapter.2}% 11
\BOOKMARK [2][-]{subsection.2.1.1}{\376\377\000T\000h\000e\000\040\000K\000a\000l\000m\000a\000n\000\040\000F\000i\000l\000t\000e\000r}{section.2.1}% 12
\BOOKMARK [2][-]{subsection.2.1.2}{\376\377\000S\000e\000q\000u\000e\000n\000t\000i\000a\000l\000\040\000v\000s\000.\000\040\000V\000a\000r\000i\000a\000t\000i\000o\000n\000a\000l\000\040\000D\000a\000t\000a\000\040\000A\000s\000s\000i\000m\000i\000l\000a\000t\000i\000o\000n}{section.2.1}% 13
\BOOKMARK [1][-]{section.2.2}{\376\377\000T\000h\000e\000\040\000E\000n\000s\000e\000m\000b\000l\000e\000\040\000K\000a\000l\000m\000a\000n\000\040\000F\000i\000l\000t\000e\000r}{chapter.2}% 14
\BOOKMARK [2][-]{subsection.2.2.1}{\376\377\000T\000h\000e\000\040\000L\000o\000c\000a\000l\000\040\000E\000n\000s\000e\000m\000b\000l\000e\000\040\000T\000r\000a\000n\000s\000f\000o\000r\000m\000\040\000K\000a\000l\000m\000a\000n\000\040\000F\000i\000l\000t\000e\000r}{section.2.2}% 15
\BOOKMARK [2][-]{subsection.2.2.2}{\376\377\000F\000i\000l\000t\000e\000r\000\040\000D\000r\000a\000w\000b\000a\000c\000k\000s}{section.2.2}% 16
\BOOKMARK [2][-]{subsection.2.2.3}{\376\377\000L\000o\000c\000a\000l\000i\000z\000a\000t\000i\000o\000n}{section.2.2}% 17
\BOOKMARK [2][-]{subsection.2.2.4}{\376\377\000I\000n\000f\000l\000a\000t\000i\000o\000n}{section.2.2}% 18
\BOOKMARK [1][-]{section.2.3}{\376\377\000T\000h\000e\000\040\000W\000i\000s\000h\000a\000r\000t\000\040\000D\000i\000s\000t\000r\000i\000b\000u\000t\000i\000o\000n\000\040\000a\000n\000d\000\040\000S\000a\000m\000p\000l\000e\000\040\000P\000r\000e\000c\000i\000s\000i\000o\000n}{chapter.2}% 19
\BOOKMARK [1][-]{section.2.4}{\376\377\000C\000o\000v\000a\000r\000i\000a\000n\000c\000e\000\040\000M\000a\000t\000r\000i\000x\000\040\000E\000s\000t\000i\000m\000a\000t\000i\000o\000n}{chapter.2}% 20
\BOOKMARK [2][-]{subsection.2.4.1}{\376\377\000L\000e\000d\000o\000i\000t\000-\000W\000o\000l\000f\000\040\000E\000s\000t\000i\000m\000a\000t\000o\000r}{section.2.4}% 21
\BOOKMARK [2][-]{subsection.2.4.2}{\376\377\000O\000r\000a\000c\000l\000e\000\040\000E\000s\000t\000i\000m\000a\000t\000o\000r}{section.2.4}% 22
\BOOKMARK [2][-]{subsection.2.4.3}{\376\377\000N\000E\000R\000C\000O\000M\000E\000\040\000E\000s\000t\000i\000m\000a\000t\000o\000r}{section.2.4}% 23
\BOOKMARK [1][-]{section.2.5}{\376\377\000W\000h\000y\000\040\000S\000h\000r\000i\000n\000k\000?\000\040\000T\000h\000e\000\040\000B\000i\000a\000s\000-\000V\000a\000r\000i\000a\000n\000c\000e\000\040\000T\000r\000a\000d\000e\000o\000f\000f}{chapter.2}% 24
\BOOKMARK [1][-]{section.2.6}{\376\377\000I\000n\000v\000e\000r\000s\000e\000\040\000C\000o\000v\000a\000r\000i\000a\000n\000c\000e\000\040\000M\000a\000t\000r\000i\000x\000\040\000E\000s\000t\000i\000m\000a\000t\000i\000o\000n}{chapter.2}% 25
\BOOKMARK [2][-]{subsection.2.6.1}{\376\377\000C\000o\000s\000m\000o\000l\000o\000g\000i\000c\000a\000l\000\040\000P\000r\000e\000c\000i\000s\000i\000o\000n\000\040\000M\000a\000t\000r\000i\000x\000\040\000S\000t\000r\000u\000c\000t\000u\000r\000e}{section.2.6}% 26
\BOOKMARK [2][-]{subsection.2.6.2}{\376\377\000R\000e\000l\000a\000t\000e\000d\000\040\000S\000h\000r\000i\000n\000k\000a\000g\000e\000\040\000A\000p\000p\000r\000o\000a\000c\000h\000e\000s}{section.2.6}% 27
\BOOKMARK [2][-]{subsection.2.6.3}{\376\377\000C\000o\000m\000p\000a\000r\000i\000s\000o\000n\000\040\000o\000f\000\040\000C\000o\000v\000a\000r\000i\000a\000n\000c\000e\000\040\000E\000s\000t\000i\000m\000a\000t\000o\000r\000s}{section.2.6}% 28
\BOOKMARK [2][-]{subsection.2.6.4}{\376\377\000C\000r\000i\000t\000i\000c\000a\000l\000\040\000C\000o\000m\000p\000a\000r\000i\000s\000o\000n\000\040\000o\000f\000\040\000E\000x\000i\000s\000t\000i\000n\000g\000\040\000A\000p\000p\000r\000o\000a\000c\000h\000e\000s}{section.2.6}% 29
\BOOKMARK [1][-]{section.2.7}{\376\377\000M\000o\000d\000i\000f\000i\000e\000d\000\040\000C\000h\000o\000l\000e\000s\000k\000y\000\040\000D\000e\000c\000o\000m\000p\000o\000s\000i\000t\000i\000o\000n}{chapter.2}% 30
\BOOKMARK [1][-]{section.2.8}{\376\377\000E\000n\000K\000F\000\040\000v\000i\000a\000\040\000M\000o\000d\000i\000f\000i\000e\000d\000\040\000C\000h\000o\000l\000e\000s\000k\000y\000\040\000D\000e\000c\000o\000m\000p\000o\000s\000i\000t\000i\000o\000n}{chapter.2}% 31
\BOOKMARK [0][-]{chapter.3}{\376\377\000P\000r\000o\000p\000o\000s\000e\000d\000\040\000M\000e\000t\000h\000o\000d}{}% 32
\BOOKMARK [1][-]{section.3.1}{\376\377\000D\000i\000r\000e\000c\000t\000\040\000P\000r\000e\000c\000i\000s\000i\000o\000n\000\040\000S\000h\000r\000i\000n\000k\000a\000g\000e\000\040\000f\000o\000r\000\040\000t\000h\000e\000\040\000E\000n\000K\000F}{chapter.3}% 33
\BOOKMARK [2][-]{subsection.3.1.1}{\376\377\000W\000h\000y\000\040\000S\000h\000r\000i\000n\000k\000\040\000t\000h\000e\000\040\000P\000r\000e\000c\000i\000s\000i\000o\000n\000\040\000D\000i\000r\000e\000c\000t\000l\000y\000?}{section.3.1}% 34
\BOOKMARK [1][-]{section.3.2}{\376\377\000S\000h\000r\000i\000n\000k\000a\000g\000e\000\040\000T\000a\000r\000g\000e\000t\000s}{chapter.3}% 35
\BOOKMARK [2][-]{subsection.3.2.1}{\376\377\000I\000d\000e\000n\000t\000i\000t\000y\000\040\000T\000a\000r\000g\000e\000t}{section.3.2}% 36
\BOOKMARK [2][-]{subsection.3.2.2}{\376\377\000E\000i\000g\000e\000n\000v\000a\000l\000u\000e\000\040\000T\000a\000r\000g\000e\000t}{section.3.2}% 37
\BOOKMARK [2][-]{subsection.3.2.3}{\376\377\000C\000o\000s\000m\000o\000l\000o\000g\000i\000c\000a\000l\000\040\000T\000a\000r\000g\000e\000t}{section.3.2}% 38
\BOOKMARK [2][-]{subsection.3.2.4}{\376\377\000S\000c\000a\000l\000e\000d\000\040\000I\000d\000e\000n\000t\000i\000t\000y\000\040\000T\000a\000r\000g\000e\000t\000\040\000\050\000N\000o\000v\000e\000l\000\040\000A\000d\000a\000p\000t\000a\000t\000i\000o\000n\000\051}{section.3.2}% 39
\BOOKMARK [1][-]{section.3.3}{\376\377\000W\000o\000r\000k\000e\000d\000\040\000E\000x\000a\000m\000p\000l\000e}{chapter.3}% 40
\BOOKMARK [1][-]{section.3.4}{\376\377\000C\000o\000m\000p\000u\000t\000a\000t\000i\000o\000n\000a\000l\000\040\000C\000o\000m\000p\000l\000e\000x\000i\000t\000y}{chapter.3}% 41
\BOOKMARK [1][-]{section.3.5}{\376\377\000I\000m\000p\000l\000e\000m\000e\000n\000t\000a\000t\000i\000o\000n\000\040\000i\000n\000\040\000T\000E\000D\000A}{chapter.3}% 42
\BOOKMARK [2][-]{subsection.3.5.1}{\376\377\000A\000r\000c\000h\000i\000t\000e\000c\000t\000u\000r\000e}{section.3.5}% 43
\BOOKMARK [2][-]{subsection.3.5.2}{\376\377\000E\000s\000t\000i\000m\000a\000t\000o\000r\000\040\000C\000l\000a\000s\000s\000e\000s}{section.3.5}% 44
\BOOKMARK [1][-]{section.3.6}{\376\377\000S\000u\000m\000m\000a\000r\000y\000\040\000o\000f\000\040\000M\000e\000t\000h\000o\000d\000s}{chapter.3}% 45
\BOOKMARK [0][-]{chapter.4}{\376\377\000B\000e\000n\000c\000h\000m\000a\000r\000k}{}% 46
\BOOKMARK [1][-]{section.4.1}{\376\377\000E\000x\000p\000e\000r\000i\000m\000e\000n\000t\000a\000l\000\040\000S\000e\000t\000u\000p}{chapter.4}% 47
\BOOKMARK [2][-]{subsection.4.1.1}{\376\377\000L\000o\000r\000e\000n\000z\000\040\0009\0006}{section.4.1}% 48
\BOOKMARK [2][-]{subsection.4.1.2}{\376\377\000A\000R\000\050\0001\000\051\000\040\000C\000o\000s\000m\000o\000l\000o\000g\000i\000c\000a\000l\000\040\000M\000o\000d\000e\000l}{section.4.1}% 49
\BOOKMARK [2][-]{subsection.4.1.3}{\376\377\000B\000O\000S\000S\000\040\000D\000R\0001\0002\000\040\000M\000o\000c\000k\000\040\000C\000a\000t\000a\000l\000o\000g\000\040\000D\000a\000t\000a}{section.4.1}% 50
\BOOKMARK [2][-]{subsection.4.1.4}{\376\377\000C\000h\000o\000i\000c\000e\000\040\000o\000f\000\040\000E\000n\000s\000e\000m\000b\000l\000e\000\040\000S\000i\000z\000e}{section.4.1}% 51
\BOOKMARK [2][-]{subsection.4.1.5}{\376\377\000S\000t\000a\000n\000d\000a\000l\000o\000n\000e\000\040\000P\000r\000e\000c\000i\000s\000i\000o\000n\000\040\000E\000s\000t\000i\000m\000a\000t\000i\000o\000n}{section.4.1}% 52
\BOOKMARK [2][-]{subsection.4.1.6}{\376\377\000E\000r\000r\000o\000r\000\040\000M\000e\000t\000r\000i\000c\000s}{section.4.1}% 53
\BOOKMARK [1][-]{section.4.2}{\376\377\000L\000o\000r\000e\000n\000z\000\040\0009\0006\000\040\000R\000e\000s\000u\000l\000t\000s}{chapter.4}% 54
\BOOKMARK [2][-]{subsection.4.2.1}{\376\377\000S\000h\000r\000i\000n\000k\000a\000g\000e\000\040\000C\000o\000e\000f\000f\000i\000c\000i\000e\000n\000t\000\040\000A\000n\000a\000l\000y\000s\000i\000s}{section.4.2}% 55
\BOOKMARK [2][-]{subsection.4.2.2}{\376\377\000E\000n\000s\000e\000m\000b\000l\000e\000\040\000S\000i\000z\000e\000\040\000S\000e\000n\000s\000i\000t\000i\000v\000i\000t\000y}{section.4.2}% 56
\BOOKMARK [2][-]{subsection.4.2.3}{\376\377\000P\000r\000e\000c\000i\000s\000i\000o\000n\000\040\000M\000a\000t\000r\000i\000x\000\040\000Q\000u\000a\000l\000i\000t\000y}{section.4.2}% 57
\BOOKMARK [1][-]{section.4.3}{\376\377\000C\000o\000s\000m\000o\000l\000o\000g\000i\000c\000a\000l\000\040\000R\000e\000s\000u\000l\000t\000s}{chapter.4}% 58
\BOOKMARK [2][-]{subsection.4.3.1}{\376\377\000S\000t\000a\000n\000d\000a\000l\000o\000n\000e\000\040\000P\000r\000e\000c\000i\000s\000i\000o\000n\000\040\000E\000s\000t\000i\000m\000a\000t\000i\000o\000n}{section.4.3}% 59
\BOOKMARK [2][-]{subsection.4.3.2}{\376\377\000E\000n\000K\000F\000\040\000F\000i\000l\000t\000e\000r\000i\000n\000g}{section.4.3}% 60
\BOOKMARK [2][-]{subsection.4.3.3}{\376\377\000T\000h\000e\000\040\000S\000c\000a\000l\000e\000d\000\040\000I\000d\000e\000n\000t\000i\000t\000y\000\040\000T\000a\000r\000g\000e\000t}{section.4.3}% 61
\BOOKMARK [1][-]{section.4.4}{\376\377\000E\000f\000f\000e\000c\000t\000\040\000o\000f\000\040\000I\000n\000f\000l\000a\000t\000i\000o\000n\000\040\000o\000n\000\040\000S\000h\000r\000i\000n\000k\000a\000g\000e\000\040\000P\000e\000r\000f\000o\000r\000m\000a\000n\000c\000e}{chapter.4}% 62
\BOOKMARK [1][-]{section.4.5}{\376\377\000P\000r\000e\000c\000i\000s\000i\000o\000n\000\040\000M\000a\000t\000r\000i\000x\000\040\000Q\000u\000a\000l\000i\000t\000y}{chapter.4}% 63
\BOOKMARK [1][-]{section.4.6}{\376\377\000C\000o\000m\000p\000u\000t\000a\000t\000i\000o\000n\000a\000l\000\040\000C\000o\000s\000t}{chapter.4}% 64
\BOOKMARK [2][-]{subsection.4.6.1}{\376\377\000A\000s\000y\000m\000p\000t\000o\000t\000i\000c\000\040\000v\000s\000.\000\040\000M\000e\000a\000s\000u\000r\000e\000d\000\040\000W\000a\000l\000l\000-\000C\000l\000o\000c\000k}{section.4.6}% 65
\BOOKMARK [2][-]{subsection.4.6.2}{\376\377\000S\000c\000a\000l\000i\000n\000g\000\040\000t\000o\000\040\000L\000a\000r\000g\000e\000r\000\040\000S\000t\000a\000t\000e\000\040\000D\000i\000m\000e\000n\000s\000i\000o\000n\000s}{section.4.6}% 66
\BOOKMARK [2][-]{subsection.4.6.3}{\376\377\000I\000m\000p\000l\000e\000m\000e\000n\000t\000a\000t\000i\000o\000n\000\040\000C\000o\000n\000s\000i\000d\000e\000r\000a\000t\000i\000o\000n\000s}{section.4.6}% 67
\BOOKMARK [2][-]{subsection.4.6.4}{\376\377\000P\000r\000a\000c\000t\000i\000c\000a\000l\000\040\000R\000e\000c\000o\000m\000m\000e\000n\000d\000a\000t\000i\000o\000n}{section.4.6}% 68
\BOOKMARK [1][-]{section.4.7}{\376\377\000C\000r\000o\000s\000s\000-\000D\000o\000m\000a\000i\000n\000\040\000S\000u\000m\000m\000a\000r\000y}{chapter.4}% 69
\BOOKMARK [1][-]{section.4.8}{\376\377\000E\000s\000t\000i\000m\000a\000t\000i\000o\000n\000\040\000Q\000u\000a\000l\000i\000t\000y\000\040\000v\000s\000.\000\040\000F\000i\000l\000t\000e\000r\000i\000n\000g\000\040\000P\000e\000r\000f\000o\000r\000m\000a\000n\000c\000e}{chapter.4}% 70
\BOOKMARK [0][-]{chapter.5}{\376\377\000D\000i\000s\000c\000u\000s\000s\000i\000o\000n}{}% 71
\BOOKMARK [1][-]{section.5.1}{\376\377\000T\000h\000e\000\040\000R\000o\000l\000e\000\040\000o\000f\000\040\000T\000a\000r\000g\000e\000t\000-\000T\000r\000u\000t\000h\000\040\000A\000l\000i\000g\000n\000m\000e\000n\000t}{chapter.5}% 72
\BOOKMARK [1][-]{section.5.2}{\376\377\000W\000h\000y\000\040\000L\000e\000d\000o\000i\000t\000-\000W\000o\000l\000f\000\040\000W\000i\000n\000s\000\040\000i\000n\000\040\000S\000e\000q\000u\000e\000n\000t\000i\000a\000l\000\040\000F\000i\000l\000t\000e\000r\000i\000n\000g}{chapter.5}% 73
\BOOKMARK [2][-]{subsection.5.2.1}{\376\377\000V\000a\000r\000i\000a\000n\000c\000e\000\040\000a\000s\000\040\000a\000\040\000C\000o\000m\000p\000o\000u\000n\000d\000i\000n\000g\000\040\000R\000i\000s\000k}{section.5.2}% 74
\BOOKMARK [2][-]{subsection.5.2.2}{\376\377\000I\000m\000p\000l\000i\000c\000a\000t\000i\000o\000n\000s\000\040\000f\000o\000r\000\040\000E\000s\000t\000i\000m\000a\000t\000o\000r\000\040\000D\000e\000s\000i\000g\000n}{section.5.2}% 75
\BOOKMARK [1][-]{section.5.3}{\376\377\000D\000o\000m\000a\000i\000n\000\040\000D\000e\000p\000e\000n\000d\000e\000n\000c\000e\000\040\000o\000f\000\040\000S\000h\000r\000i\000n\000k\000a\000g\000e\000\040\000P\000e\000r\000f\000o\000r\000m\000a\000n\000c\000e}{chapter.5}% 76
\BOOKMARK [1][-]{section.5.4}{\376\377\000T\000h\000e\000\040\000M\000o\000d\000i\000f\000i\000e\000d\000\040\000C\000h\000o\000l\000e\000s\000k\000y\000\040\000A\000l\000t\000e\000r\000n\000a\000t\000i\000v\000e}{chapter.5}% 77
\BOOKMARK [1][-]{section.5.5}{\376\377\000C\000o\000m\000p\000a\000r\000i\000s\000o\000n\000\040\000w\000i\000t\000h\000\040\000L\000o\000o\000i\000j\000m\000a\000n\000s\000\040\000e\000t\000\040\000a\000l\000.}{chapter.5}% 78
\BOOKMARK [1][-]{section.5.6}{\376\377\000S\000e\000n\000s\000i\000t\000i\000v\000i\000t\000y\000\040\000t\000o\000\040\000E\000x\000p\000e\000r\000i\000m\000e\000n\000t\000a\000l\000\040\000P\000a\000r\000a\000m\000e\000t\000e\000r\000s}{chapter.5}% 79
\BOOKMARK [1][-]{section.5.7}{\376\377\000P\000r\000a\000c\000t\000i\000c\000a\000l\000\040\000R\000e\000c\000o\000m\000m\000e\000n\000d\000a\000t\000i\000o\000n\000s}{chapter.5}% 80
\BOOKMARK [1][-]{section.5.8}{\376\377\000R\000e\000l\000a\000t\000i\000o\000n\000s\000h\000i\000p\000\040\000t\000o\000\040\000O\000t\000h\000e\000r\000\040\000R\000e\000g\000u\000l\000a\000r\000i\000z\000a\000t\000i\000o\000n\000\040\000A\000p\000p\000r\000o\000a\000c\000h\000e\000s}{chapter.5}% 81
\BOOKMARK [0][-]{chapter.6}{\376\377\000C\000o\000n\000c\000l\000u\000s\000i\000o\000n\000s\000\040\000a\000n\000d\000\040\000F\000u\000t\000u\000r\000e\000\040\000W\000o\000r\000k}{}% 82
\BOOKMARK [1][-]{section.6.1}{\376\377\000S\000u\000m\000m\000a\000r\000y\000\040\000o\000f\000\040\000C\000o\000n\000t\000r\000i\000b\000u\000t\000i\000o\000n\000s}{chapter.6}% 83
\BOOKMARK [1][-]{section.6.2}{\376\377\000L\000i\000m\000i\000t\000a\000t\000i\000o\000n\000s}{chapter.6}% 84
\BOOKMARK [1][-]{section.6.3}{\376\377\000F\000u\000t\000u\000r\000e\000\040\000W\000o\000r\000k}{chapter.6}% 85
\BOOKMARK [0][-]{appendix.A}{\376\377\000S\000u\000p\000p\000l\000e\000m\000e\000n\000t\000a\000r\000y\000\040\000D\000i\000a\000g\000n\000o\000s\000t\000i\000c\000\040\000D\000a\000t\000a}{}% 86
\BOOKMARK [1][-]{section.A.1}{\376\377\000I\000d\000e\000n\000t\000i\000t\000y\000\040\000T\000a\000r\000g\000e\000t}{appendix.A}% 87
\BOOKMARK [1][-]{section.A.2}{\376\377\000S\000c\000a\000l\000e\000d\000\040\000I\000d\000e\000n\000t\000i\000t\000y\000\040\000T\000a\000r\000g\000e\000t}{appendix.A}% 88
\BOOKMARK [1][-]{section.A.3}{\376\377\000E\000i\000g\000e\000n\000v\000a\000l\000u\000e\000\040\000T\000a\000r\000g\000e\000t}{appendix.A}% 89
\BOOKMARK [0][-]{appendix.B}{\376\377\000S\000t\000a\000n\000d\000a\000l\000o\000n\000e\000\040\000E\000s\000t\000i\000m\000a\000t\000i\000o\000n\000\040\000R\000e\000s\000u\000l\000t\000s}{}% 90
\BOOKMARK [1][-]{section.B.1}{\376\377\000F\000r\000o\000b\000e\000n\000i\000u\000s\000\040\000L\000o\000s\000s\000\040\000b\000y\000\040\000S\000u\000b\000s\000a\000m\000p\000l\000e\000\040\000S\000i\000z\000e}{appendix.B}% 91
\BOOKMARK [1][-]{section.B.2}{\376\377\000A\000n\000a\000l\000y\000s\000i\000s\000\040\000o\000f\000\040\000V\000a\000r\000i\000a\000n\000c\000e\000\040\000C\000o\000m\000p\000o\000n\000e\000n\000t\000s}{appendix.B}% 92
\BOOKMARK [1][-]{section.B.3}{\376\377\000I\000m\000p\000r\000o\000v\000e\000m\000e\000n\000t\000\040\000O\000v\000e\000r\000\040\000t\000h\000e\000\040\000S\000a\000m\000p\000l\000e\000\040\000P\000r\000e\000c\000i\000s\000i\000o\000n}{appendix.B}% 93
\BOOKMARK [0][-]{appendix.C}{\376\377\000L\000o\000r\000e\000n\000z\000\040\0009\0006\000\040\000M\000o\000d\000e\000l\000\040\000D\000e\000t\000a\000i\000l\000s}{}% 94
\BOOKMARK [1][-]{section.C.1}{\376\377\000P\000h\000y\000s\000i\000c\000a\000l\000\040\000I\000n\000t\000e\000r\000p\000r\000e\000t\000a\000t\000i\000o\000n}{appendix.C}% 95
\BOOKMARK [1][-]{section.C.2}{\376\377\000D\000y\000n\000a\000m\000i\000c\000a\000l\000\040\000R\000e\000g\000i\000m\000e\000s}{appendix.C}% 96
\BOOKMARK [1][-]{section.C.3}{\376\377\000N\000u\000m\000e\000r\000i\000c\000a\000l\000\040\000I\000n\000t\000e\000g\000r\000a\000t\000i\000o\000n}{appendix.C}% 97
\BOOKMARK [1][-]{section.C.4}{\376\377\000O\000b\000s\000e\000r\000v\000a\000t\000i\000o\000n\000\040\000C\000o\000n\000f\000i\000g\000u\000r\000a\000t\000i\000o\000n}{appendix.C}% 98
\BOOKMARK [0][-]{appendix.D}{\376\377\000A\000R\000\050\0001\000\051\000\040\000C\000o\000s\000m\000o\000l\000o\000g\000i\000c\000a\000l\000\040\000M\000o\000d\000e\000l\000\040\000D\000e\000t\000a\000i\000l\000s}{}% 99
\BOOKMARK [1][-]{section.D.1}{\376\377\000M\000o\000d\000e\000l\000\040\000C\000o\000n\000s\000t\000r\000u\000c\000t\000i\000o\000n}{appendix.D}% 100
\BOOKMARK [1][-]{section.D.2}{\376\377\000S\000t\000a\000t\000i\000o\000n\000a\000r\000y\000\040\000D\000i\000s\000t\000r\000i\000b\000u\000t\000i\000o\000n}{appendix.D}% 101
\BOOKMARK [1][-]{section.D.3}{\376\377\000O\000b\000s\000e\000r\000v\000a\000t\000i\000o\000n\000\040\000C\000o\000n\000f\000i\000g\000u\000r\000a\000t\000i\000o\000n}{appendix.D}% 102
\BOOKMARK [0][-]{appendix.E}{\376\377\000C\000o\000m\000p\000u\000t\000a\000t\000i\000o\000n\000a\000l\000\040\000T\000i\000m\000i\000n\000g\000\040\000D\000e\000t\000a\000i\000l\000s}{}% 103
\BOOKMARK [1][-]{section.E.1}{\376\377\000C\000o\000s\000m\000o\000l\000o\000g\000i\000c\000a\000l\000\040\000D\000o\000m\000a\000i\000n}{appendix.E}% 104
\BOOKMARK [1][-]{section.E.2}{\376\377\000L\000o\000r\000e\000n\000z\000\040\0009\0006\000\040\000D\000o\000m\000a\000i\000n}{appendix.E}% 105
\BOOKMARK [0][-]{appendix.F}{\376\377\000D\000e\000r\000i\000v\000a\000t\000i\000o\000n\000\040\000o\000f\000\040\000t\000h\000e\000\040\000B\000o\000d\000n\000a\000r\000\040\000S\000h\000r\000i\000n\000k\000a\000g\000e\000\040\000C\000o\000e\000f\000f\000i\000c\000i\000e\000n\000t\000s}{}% 106
\BOOKMARK [1][-]{section.F.1}{\376\377\000S\000e\000t\000u\000p}{appendix.F}% 107
\BOOKMARK [1][-]{section.F.2}{\376\377\000E\000x\000p\000a\000n\000s\000i\000o\000n}{appendix.F}% 108
\BOOKMARK [1][-]{section.F.3}{\376\377\000W\000i\000s\000h\000a\000r\000t\000\040\000M\000o\000m\000e\000n\000t\000s}{appendix.F}% 109
\BOOKMARK [1][-]{section.F.4}{\376\377\000F\000i\000r\000s\000t\000-\000O\000r\000d\000e\000r\000\040\000C\000o\000n\000d\000i\000t\000i\000o\000n\000s}{appendix.F}% 110
\BOOKMARK [0][-]{appendix.G}{\376\377\000T\000E\000D\000A\000\040\000C\000o\000d\000e\000\040\000L\000i\000s\000t\000i\000n\000g\000s}{}% 111
\BOOKMARK [1][-]{section.G.1}{\376\377\000S\000h\000r\000i\000n\000k\000a\000g\000e\000\040\000C\000o\000e\000f\000f\000i\000c\000i\000e\000n\000t\000\040\000C\000o\000m\000p\000u\000t\000a\000t\000i\000o\000n}{appendix.G}% 112
\BOOKMARK [1][-]{section.G.2}{\376\377\000I\000d\000e\000n\000t\000i\000t\000y\000\040\000T\000a\000r\000g\000e\000t\000\040\000E\000s\000t\000i\000m\000a\000t\000o\000r}{appendix.G}% 113
\BOOKMARK [1][-]{section.G.3}{\376\377\000S\000c\000a\000l\000e\000d\000\040\000I\000d\000e\000n\000t\000i\000t\000y\000\040\000T\000a\000r\000g\000e\000t\000\040\000E\000s\000t\000i\000m\000a\000t\000o\000r}{appendix.G}% 114
\BOOKMARK [1][-]{section.G.4}{\376\377\000E\000i\000g\000e\000n\000v\000a\000l\000u\000e\000\040\000T\000a\000r\000g\000e\000t\000\040\000E\000s\000t\000i\000m\000a\000t\000o\000r}{appendix.G}% 115
\BOOKMARK [1][-]{section.G.5}{\376\377\000C\000o\000s\000m\000o\000l\000o\000g\000i\000c\000a\000l\000\040\000T\000a\000r\000g\000e\000t\000\040\000E\000s\000t\000i\000m\000a\000t\000o\000r}{appendix.G}% 116
\BOOKMARK [0][-]{appendix.H}{\376\377\000S\000t\000a\000t\000i\000s\000t\000i\000c\000a\000l\000\040\000S\000i\000g\000n\000i\000f\000i\000c\000a\000n\000c\000e\000\040\000T\000e\000s\000t\000s}{}% 117
\BOOKMARK [1][-]{section.H.1}{\376\377\000L\000o\000r\000e\000n\000z\000\040\0009\0006\000\040\000R\000e\000s\000u\000l\000t\000s}{appendix.H}% 118
\BOOKMARK [1][-]{section.H.2}{\376\377\000C\000o\000s\000m\000o\000l\000o\000g\000i\000c\000a\000l\000\040\000R\000e\000s\000u\000l\000t\000s}{appendix.H}% 119
